{"name":"hexo","hostname":"busterace-PC","pid":3472,"level":20,"msg":"Hexo version: 3.1.1","time":"2016-02-17T07:32:12.200Z","v":0}
{"name":"hexo","hostname":"busterace-PC","pid":3472,"level":20,"msg":"Working directory: E:\\github\\busterace.github.io\\mycode\\","time":"2016-02-17T07:32:12.213Z","v":0}
{"name":"hexo","hostname":"busterace-PC","pid":3472,"level":20,"msg":"Config loaded: E:\\github\\busterace.github.io\\mycode\\_config.yml","time":"2016-02-17T07:32:12.535Z","v":0}
{"name":"hexo","hostname":"busterace-PC","pid":3472,"level":20,"msg":"Plugin loaded: hexo-deployer-git","time":"2016-02-17T07:32:12.754Z","v":0}
{"name":"hexo","hostname":"busterace-PC","pid":3472,"level":20,"msg":"Plugin loaded: hexo-generator-archive","time":"2016-02-17T07:32:12.763Z","v":0}
{"name":"hexo","hostname":"busterace-PC","pid":3472,"level":20,"msg":"Plugin loaded: hexo-generator-category","time":"2016-02-17T07:32:12.768Z","v":0}
{"name":"hexo","hostname":"busterace-PC","pid":3472,"level":20,"msg":"Plugin loaded: hexo-generator-index","time":"2016-02-17T07:32:12.773Z","v":0}
{"name":"hexo","hostname":"busterace-PC","pid":3472,"level":20,"msg":"Plugin loaded: hexo-renderer-ejs","time":"2016-02-17T07:32:12.784Z","v":0}
{"name":"hexo","hostname":"busterace-PC","pid":3472,"level":20,"msg":"Plugin loaded: hexo-generator-tag","time":"2016-02-17T07:32:12.790Z","v":0}
{"name":"hexo","hostname":"busterace-PC","pid":3472,"level":20,"msg":"Plugin loaded: hexo-renderer-marked","time":"2016-02-17T07:32:13.005Z","v":0}
{"name":"hexo","hostname":"busterace-PC","pid":3472,"level":20,"msg":"Plugin loaded: hexo-server","time":"2016-02-17T07:32:13.310Z","v":0}
{"name":"hexo","hostname":"busterace-PC","pid":3472,"level":20,"msg":"Plugin loaded: hexo-renderer-stylus","time":"2016-02-17T07:32:13.318Z","v":0}
{"name":"hexo","hostname":"busterace-PC","pid":3472,"level":20,"msg":"Script loaded: themes\\next\\scripts\\merge-configs.js","time":"2016-02-17T07:32:13.323Z","v":0}
{"name":"hexo","hostname":"busterace-PC","pid":3472,"level":20,"msg":"Script loaded: themes\\next\\scripts\\tags\\full-image.js","time":"2016-02-17T07:32:13.324Z","v":0}
{"name":"hexo","hostname":"busterace-PC","pid":3472,"level":20,"msg":"Script loaded: themes\\next\\scripts\\tags\\center-quote.js","time":"2016-02-17T07:32:13.325Z","v":0}
{"name":"hexo","hostname":"busterace-PC","pid":3472,"level":20,"msg":"Script loaded: themes\\next\\scripts\\tags\\group-pictures.js","time":"2016-02-17T07:32:13.328Z","v":0}
{"name":"hexo","hostname":"busterace-PC","pid":3472,"level":20,"msg":"Script loaded: themes\\next\\scripts\\filters\\sticky.js","time":"2016-02-17T07:32:13.329Z","v":0}
{"name":"hexo","hostname":"busterace-PC","pid":3472,"level":20,"msg":"Loading database.","time":"2016-02-17T07:32:13.361Z","v":0}
{"name":"hexo","hostname":"busterace-PC","pid":3472,"level":20,"msg":"Added: source/_posts/hello-world.md","time":"2016-02-17T07:32:13.427Z","v":0}
{"name":"hexo","hostname":"busterace-PC","pid":3472,"level":20,"msg":"Processed: _posts/hello-world.md","time":"2016-02-17T07:32:13.493Z","v":0}
{"name":"hexo","hostname":"busterace-PC","pid":3472,"level":20,"msg":"Added: themes/next/layout/_scripts/schemes/mist.swig","time":"2016-02-17T07:32:13.715Z","v":0}
{"name":"hexo","hostname":"busterace-PC","pid":3472,"level":20,"msg":"Added: themes/next/layout/_scripts/schemes/muse.swig","time":"2016-02-17T07:32:13.716Z","v":0}
{"name":"hexo","hostname":"busterace-PC","pid":3472,"level":20,"msg":"Added: themes/next/source/css/_mixins/Mist.styl","time":"2016-02-17T07:32:13.716Z","v":0}
{"name":"hexo","hostname":"busterace-PC","pid":3472,"level":20,"msg":"Added: themes/next/source/css/_mixins/Muse.styl","time":"2016-02-17T07:32:13.717Z","v":0}
{"name":"hexo","hostname":"busterace-PC","pid":3472,"level":20,"msg":"Added: themes/next/source/css/_mixins/custom.styl","time":"2016-02-17T07:32:13.717Z","v":0}
{"name":"hexo","hostname":"busterace-PC","pid":3472,"level":20,"msg":"Added: themes/next/source/css/_variables/Muse.styl","time":"2016-02-17T07:32:13.717Z","v":0}
{"name":"hexo","hostname":"busterace-PC","pid":3472,"level":20,"msg":"Added: themes/next/source/css/_variables/custom.styl","time":"2016-02-17T07:32:13.717Z","v":0}
{"name":"hexo","hostname":"busterace-PC","pid":3472,"level":20,"msg":"Added: themes/next/README.en.md","time":"2016-02-17T07:32:13.752Z","v":0}
{"name":"hexo","hostname":"busterace-PC","pid":3472,"level":20,"msg":"Added: themes/next/README.md","time":"2016-02-17T07:32:13.752Z","v":0}
{"name":"hexo","hostname":"busterace-PC","pid":3472,"level":20,"msg":"Added: themes/next/_config.yml","time":"2016-02-17T07:32:13.753Z","v":0}
{"name":"hexo","hostname":"busterace-PC","pid":3472,"level":20,"msg":"Added: themes/next/gulpfile.coffee","time":"2016-02-17T07:32:13.753Z","v":0}
{"name":"hexo","hostname":"busterace-PC","pid":3472,"level":20,"msg":"Added: themes/next/bower.json","time":"2016-02-17T07:32:13.753Z","v":0}
{"name":"hexo","hostname":"busterace-PC","pid":3472,"level":20,"msg":"Added: themes/next/languages/de.yml","time":"2016-02-17T07:32:13.756Z","v":0}
{"name":"hexo","hostname":"busterace-PC","pid":3472,"level":20,"msg":"Added: themes/next/languages/default.yml","time":"2016-02-17T07:32:13.759Z","v":0}
{"name":"hexo","hostname":"busterace-PC","pid":3472,"level":20,"msg":"Added: themes/next/languages/fr-FR.yml","time":"2016-02-17T07:32:13.759Z","v":0}
{"name":"hexo","hostname":"busterace-PC","pid":3472,"level":20,"msg":"Added: themes/next/languages/en.yml","time":"2016-02-17T07:32:13.760Z","v":0}
{"name":"hexo","hostname":"busterace-PC","pid":3472,"level":20,"msg":"Added: themes/next/languages/pt.yml","time":"2016-02-17T07:32:13.760Z","v":0}
{"name":"hexo","hostname":"busterace-PC","pid":3472,"level":20,"msg":"Added: themes/next/languages/ru.yml","time":"2016-02-17T07:32:13.760Z","v":0}
{"name":"hexo","hostname":"busterace-PC","pid":3472,"level":20,"msg":"Added: themes/next/languages/zh-Hans.yml","time":"2016-02-17T07:32:13.761Z","v":0}
{"name":"hexo","hostname":"busterace-PC","pid":3472,"level":20,"msg":"Added: themes/next/languages/zh-hk.yml","time":"2016-02-17T07:32:13.761Z","v":0}
{"name":"hexo","hostname":"busterace-PC","pid":3472,"level":20,"msg":"Added: themes/next/languages/zh-tw.yml","time":"2016-02-17T07:32:13.761Z","v":0}
{"name":"hexo","hostname":"busterace-PC","pid":3472,"level":20,"msg":"Added: themes/next/layout/_layout.swig","time":"2016-02-17T07:32:13.762Z","v":0}
{"name":"hexo","hostname":"busterace-PC","pid":3472,"level":20,"msg":"Added: themes/next/layout/_macro/post-collapse.swig","time":"2016-02-17T07:32:13.763Z","v":0}
{"name":"hexo","hostname":"busterace-PC","pid":3472,"level":20,"msg":"Added: themes/next/layout/_macro/sidebar.swig","time":"2016-02-17T07:32:13.763Z","v":0}
{"name":"hexo","hostname":"busterace-PC","pid":3472,"level":20,"msg":"Added: themes/next/layout/_macro/post.swig","time":"2016-02-17T07:32:13.764Z","v":0}
{"name":"hexo","hostname":"busterace-PC","pid":3472,"level":20,"msg":"Added: themes/next/layout/_partials/duoshuo-hot-articles.swig","time":"2016-02-17T07:32:13.765Z","v":0}
{"name":"hexo","hostname":"busterace-PC","pid":3472,"level":20,"msg":"Added: themes/next/layout/_partials/comments.swig","time":"2016-02-17T07:32:13.766Z","v":0}
{"name":"hexo","hostname":"busterace-PC","pid":3472,"level":20,"msg":"Added: themes/next/layout/_partials/footer.swig","time":"2016-02-17T07:32:13.766Z","v":0}
{"name":"hexo","hostname":"busterace-PC","pid":3472,"level":20,"msg":"Added: themes/next/layout/_partials/head.swig","time":"2016-02-17T07:32:13.766Z","v":0}
{"name":"hexo","hostname":"busterace-PC","pid":3472,"level":20,"msg":"Added: themes/next/layout/_partials/header.swig","time":"2016-02-17T07:32:13.767Z","v":0}
{"name":"hexo","hostname":"busterace-PC","pid":3472,"level":20,"msg":"Added: themes/next/layout/_partials/search/tinysou.swig","time":"2016-02-17T07:32:13.767Z","v":0}
{"name":"hexo","hostname":"busterace-PC","pid":3472,"level":20,"msg":"Added: themes/next/layout/_partials/search/swiftype.swig","time":"2016-02-17T07:32:13.767Z","v":0}
{"name":"hexo","hostname":"busterace-PC","pid":3472,"level":20,"msg":"Added: themes/next/layout/_partials/pagination.swig","time":"2016-02-17T07:32:13.767Z","v":0}
{"name":"hexo","hostname":"busterace-PC","pid":3472,"level":20,"msg":"Added: themes/next/layout/_partials/search.swig","time":"2016-02-17T07:32:13.767Z","v":0}
{"name":"hexo","hostname":"busterace-PC","pid":3472,"level":20,"msg":"Added: themes/next/layout/_partials/share/duoshuo_share.swig","time":"2016-02-17T07:32:13.768Z","v":0}
{"name":"hexo","hostname":"busterace-PC","pid":3472,"level":20,"msg":"Added: themes/next/layout/_partials/share/jiathis.swig","time":"2016-02-17T07:32:13.768Z","v":0}
{"name":"hexo","hostname":"busterace-PC","pid":3472,"level":20,"msg":"Added: themes/next/layout/_scripts/boostrap.swig","time":"2016-02-17T07:32:13.769Z","v":0}
{"name":"hexo","hostname":"busterace-PC","pid":3472,"level":20,"msg":"Added: themes/next/layout/_scripts/commons.swig","time":"2016-02-17T07:32:13.769Z","v":0}
{"name":"hexo","hostname":"busterace-PC","pid":3472,"level":20,"msg":"Added: themes/next/layout/_scripts/pages/post-details.swig","time":"2016-02-17T07:32:13.769Z","v":0}
{"name":"hexo","hostname":"busterace-PC","pid":3472,"level":20,"msg":"Added: themes/next/layout/_partials/share/add-this.swig","time":"2016-02-17T07:32:13.769Z","v":0}
{"name":"hexo","hostname":"busterace-PC","pid":3472,"level":20,"msg":"Added: themes/next/layout/_scripts/schemes/pisces.swig","time":"2016-02-17T07:32:13.769Z","v":0}
{"name":"hexo","hostname":"busterace-PC","pid":3472,"level":20,"msg":"Added: themes/next/layout/_scripts/third-party/analytics/baidu-analytics.swig","time":"2016-02-17T07:32:13.770Z","v":0}
{"name":"hexo","hostname":"busterace-PC","pid":3472,"level":20,"msg":"Added: themes/next/layout/_scripts/third-party/analytics/facebook-sdk.swig","time":"2016-02-17T07:32:13.770Z","v":0}
{"name":"hexo","hostname":"busterace-PC","pid":3472,"level":20,"msg":"Added: themes/next/layout/_scripts/third-party/analytics/tencent-analytics.swig","time":"2016-02-17T07:32:13.771Z","v":0}
{"name":"hexo","hostname":"busterace-PC","pid":3472,"level":20,"msg":"Added: themes/next/layout/_scripts/third-party/analytics/google-analytics.swig","time":"2016-02-17T07:32:13.771Z","v":0}
{"name":"hexo","hostname":"busterace-PC","pid":3472,"level":20,"msg":"Added: themes/next/layout/_scripts/third-party/baidushare.swig","time":"2016-02-17T07:32:13.771Z","v":0}
{"name":"hexo","hostname":"busterace-PC","pid":3472,"level":20,"msg":"Added: themes/next/layout/_scripts/third-party/comments/disqus.swig","time":"2016-02-17T07:32:13.772Z","v":0}
{"name":"hexo","hostname":"busterace-PC","pid":3472,"level":20,"msg":"Added: themes/next/layout/_scripts/third-party/analytics.swig","time":"2016-02-17T07:32:13.772Z","v":0}
{"name":"hexo","hostname":"busterace-PC","pid":3472,"level":20,"msg":"Added: themes/next/layout/_scripts/third-party/comments/duoshuo.swig","time":"2016-02-17T07:32:13.773Z","v":0}
{"name":"hexo","hostname":"busterace-PC","pid":3472,"level":20,"msg":"Added: themes/next/layout/_scripts/third-party/comments.swig","time":"2016-02-17T07:32:13.773Z","v":0}
{"name":"hexo","hostname":"busterace-PC","pid":3472,"level":20,"msg":"Added: themes/next/layout/_scripts/third-party/lean-analytics.swig","time":"2016-02-17T07:32:13.773Z","v":0}
{"name":"hexo","hostname":"busterace-PC","pid":3472,"level":20,"msg":"Added: themes/next/layout/_scripts/third-party/tinysou.swig","time":"2016-02-17T07:32:13.773Z","v":0}
{"name":"hexo","hostname":"busterace-PC","pid":3472,"level":20,"msg":"Added: themes/next/layout/_scripts/third-party/mathjax.swig","time":"2016-02-17T07:32:13.774Z","v":0}
{"name":"hexo","hostname":"busterace-PC","pid":3472,"level":20,"msg":"Added: themes/next/layout/_scripts/vendors.swig","time":"2016-02-17T07:32:13.775Z","v":0}
{"name":"hexo","hostname":"busterace-PC","pid":3472,"level":20,"msg":"Added: themes/next/layout/archive.swig","time":"2016-02-17T07:32:13.775Z","v":0}
{"name":"hexo","hostname":"busterace-PC","pid":3472,"level":20,"msg":"Added: themes/next/layout/index.swig","time":"2016-02-17T07:32:13.775Z","v":0}
{"name":"hexo","hostname":"busterace-PC","pid":3472,"level":20,"msg":"Added: themes/next/layout/category.swig","time":"2016-02-17T07:32:13.775Z","v":0}
{"name":"hexo","hostname":"busterace-PC","pid":3472,"level":20,"msg":"Added: themes/next/layout/page.swig","time":"2016-02-17T07:32:13.775Z","v":0}
{"name":"hexo","hostname":"busterace-PC","pid":3472,"level":20,"msg":"Added: themes/next/layout/post.swig","time":"2016-02-17T07:32:13.776Z","v":0}
{"name":"hexo","hostname":"busterace-PC","pid":3472,"level":20,"msg":"Added: themes/next/layout/tag.swig","time":"2016-02-17T07:32:13.776Z","v":0}
{"name":"hexo","hostname":"busterace-PC","pid":3472,"level":20,"msg":"Added: themes/next/package.json","time":"2016-02-17T07:32:13.776Z","v":0}
{"name":"hexo","hostname":"busterace-PC","pid":3472,"level":20,"msg":"Added: themes/next/scripts/merge-configs.js","time":"2016-02-17T07:32:13.777Z","v":0}
{"name":"hexo","hostname":"busterace-PC","pid":3472,"level":20,"msg":"Added: themes/next/scripts/tags/center-quote.js","time":"2016-02-17T07:32:13.777Z","v":0}
{"name":"hexo","hostname":"busterace-PC","pid":3472,"level":20,"msg":"Added: themes/next/scripts/filters/sticky.js","time":"2016-02-17T07:32:13.777Z","v":0}
{"name":"hexo","hostname":"busterace-PC","pid":3472,"level":20,"msg":"Added: themes/next/scripts/tags/group-pictures.js","time":"2016-02-17T07:32:13.777Z","v":0}
{"name":"hexo","hostname":"busterace-PC","pid":3472,"level":20,"msg":"Added: themes/next/source/css/_common/_component/posts-expand.styl","time":"2016-02-17T07:32:13.777Z","v":0}
{"name":"hexo","hostname":"busterace-PC","pid":3472,"level":20,"msg":"Added: themes/next/scripts/tags/full-image.js","time":"2016-02-17T07:32:13.778Z","v":0}
{"name":"hexo","hostname":"busterace-PC","pid":3472,"level":20,"msg":"Added: themes/next/source/css/_common/_section/header.styl","time":"2016-02-17T07:32:13.778Z","v":0}
{"name":"hexo","hostname":"busterace-PC","pid":3472,"level":20,"msg":"Added: themes/next/source/css/_common/components/back-to-top.styl","time":"2016-02-17T07:32:13.778Z","v":0}
{"name":"hexo","hostname":"busterace-PC","pid":3472,"level":20,"msg":"Added: themes/next/source/css/_common/components/comments.styl","time":"2016-02-17T07:32:13.779Z","v":0}
{"name":"hexo","hostname":"busterace-PC","pid":3472,"level":20,"msg":"Added: themes/next/source/css/_common/components/buttons.styl","time":"2016-02-17T07:32:13.779Z","v":0}
{"name":"hexo","hostname":"busterace-PC","pid":3472,"level":20,"msg":"Added: themes/next/source/css/_common/components/components.styl","time":"2016-02-17T07:32:13.779Z","v":0}
{"name":"hexo","hostname":"busterace-PC","pid":3472,"level":20,"msg":"Added: themes/next/source/css/_common/components/footer/footer.styl","time":"2016-02-17T07:32:13.780Z","v":0}
{"name":"hexo","hostname":"busterace-PC","pid":3472,"level":20,"msg":"Added: themes/next/source/css/_common/components/header/header.styl","time":"2016-02-17T07:32:13.780Z","v":0}
{"name":"hexo","hostname":"busterace-PC","pid":3472,"level":20,"msg":"Added: themes/next/source/css/_common/components/header/headerband.styl","time":"2016-02-17T07:32:13.780Z","v":0}
{"name":"hexo","hostname":"busterace-PC","pid":3472,"level":20,"msg":"Added: themes/next/source/css/_common/components/header/site-nav.styl","time":"2016-02-17T07:32:13.780Z","v":0}
{"name":"hexo","hostname":"busterace-PC","pid":3472,"level":20,"msg":"Added: themes/next/source/css/_common/components/header/site-meta.styl","time":"2016-02-17T07:32:13.780Z","v":0}
{"name":"hexo","hostname":"busterace-PC","pid":3472,"level":20,"msg":"Added: themes/next/source/css/_common/components/highlight/theme.styl","time":"2016-02-17T07:32:13.781Z","v":0}
{"name":"hexo","hostname":"busterace-PC","pid":3472,"level":20,"msg":"Added: themes/next/source/css/_common/components/pages/archive.styl","time":"2016-02-17T07:32:13.781Z","v":0}
{"name":"hexo","hostname":"busterace-PC","pid":3472,"level":20,"msg":"Added: themes/next/source/css/_common/components/highlight/highlight.styl","time":"2016-02-17T07:32:13.781Z","v":0}
{"name":"hexo","hostname":"busterace-PC","pid":3472,"level":20,"msg":"Added: themes/next/source/css/_common/components/pages/categories.styl","time":"2016-02-17T07:32:13.781Z","v":0}
{"name":"hexo","hostname":"busterace-PC","pid":3472,"level":20,"msg":"Added: themes/next/source/css/_common/components/pages/post-detail.styl","time":"2016-02-17T07:32:13.782Z","v":0}
{"name":"hexo","hostname":"busterace-PC","pid":3472,"level":20,"msg":"Added: themes/next/source/css/_common/components/header/menu.styl","time":"2016-02-17T07:32:13.782Z","v":0}
{"name":"hexo","hostname":"busterace-PC","pid":3472,"level":20,"msg":"Added: themes/next/source/css/_common/components/pagination.styl","time":"2016-02-17T07:32:13.782Z","v":0}
{"name":"hexo","hostname":"busterace-PC","pid":3472,"level":20,"msg":"Added: themes/next/source/css/_common/components/pages/pages.styl","time":"2016-02-17T07:32:13.783Z","v":0}
{"name":"hexo","hostname":"busterace-PC","pid":3472,"level":20,"msg":"Added: themes/next/source/css/_common/components/post/post-eof.styl","time":"2016-02-17T07:32:13.783Z","v":0}
{"name":"hexo","hostname":"busterace-PC","pid":3472,"level":20,"msg":"Added: themes/next/source/css/_common/components/post/post-collapse.styl","time":"2016-02-17T07:32:13.783Z","v":0}
{"name":"hexo","hostname":"busterace-PC","pid":3472,"level":20,"msg":"Added: themes/next/source/css/_common/components/post/post-expand.styl","time":"2016-02-17T07:32:13.784Z","v":0}
{"name":"hexo","hostname":"busterace-PC","pid":3472,"level":20,"msg":"Added: themes/next/source/css/_common/components/post/post-meta.styl","time":"2016-02-17T07:32:13.784Z","v":0}
{"name":"hexo","hostname":"busterace-PC","pid":3472,"level":20,"msg":"Added: themes/next/source/css/_common/components/post/post-gallery.styl","time":"2016-02-17T07:32:13.785Z","v":0}
{"name":"hexo","hostname":"busterace-PC","pid":3472,"level":20,"msg":"Added: themes/next/source/css/_common/components/post/post-more-link.styl","time":"2016-02-17T07:32:13.786Z","v":0}
{"name":"hexo","hostname":"busterace-PC","pid":3472,"level":20,"msg":"Added: themes/next/source/css/_common/components/post/post-nav.styl","time":"2016-02-17T07:32:13.786Z","v":0}
{"name":"hexo","hostname":"busterace-PC","pid":3472,"level":20,"msg":"Added: themes/next/source/css/_common/components/post/post-tags.styl","time":"2016-02-17T07:32:13.786Z","v":0}
{"name":"hexo","hostname":"busterace-PC","pid":3472,"level":20,"msg":"Added: themes/next/source/css/_common/components/post/post-type.styl","time":"2016-02-17T07:32:13.786Z","v":0}
{"name":"hexo","hostname":"busterace-PC","pid":3472,"level":20,"msg":"Added: themes/next/source/css/_common/components/post/post-title.styl","time":"2016-02-17T07:32:13.786Z","v":0}
{"name":"hexo","hostname":"busterace-PC","pid":3472,"level":20,"msg":"Added: themes/next/source/css/_common/components/sidebar/sidebar-author-links.styl","time":"2016-02-17T07:32:13.787Z","v":0}
{"name":"hexo","hostname":"busterace-PC","pid":3472,"level":20,"msg":"Added: themes/next/source/css/_common/components/post/post.styl","time":"2016-02-17T07:32:13.787Z","v":0}
{"name":"hexo","hostname":"busterace-PC","pid":3472,"level":20,"msg":"Added: themes/next/source/css/_common/components/sidebar/sidebar-nav.styl","time":"2016-02-17T07:32:13.787Z","v":0}
{"name":"hexo","hostname":"busterace-PC","pid":3472,"level":20,"msg":"Added: themes/next/source/css/_common/components/sidebar/sidebar-author.styl","time":"2016-02-17T07:32:13.787Z","v":0}
{"name":"hexo","hostname":"busterace-PC","pid":3472,"level":20,"msg":"Added: themes/next/source/css/_common/components/sidebar/sidebar-toc.styl","time":"2016-02-17T07:32:13.788Z","v":0}
{"name":"hexo","hostname":"busterace-PC","pid":3472,"level":20,"msg":"Added: themes/next/source/css/_common/components/sidebar/sidebar-feed-link.styl","time":"2016-02-17T07:32:13.788Z","v":0}
{"name":"hexo","hostname":"busterace-PC","pid":3472,"level":20,"msg":"Added: themes/next/source/css/_common/components/sidebar/sidebar-toggle.styl","time":"2016-02-17T07:32:13.788Z","v":0}
{"name":"hexo","hostname":"busterace-PC","pid":3472,"level":20,"msg":"Added: themes/next/source/css/_common/components/sidebar/sidebar.styl","time":"2016-02-17T07:32:13.789Z","v":0}
{"name":"hexo","hostname":"busterace-PC","pid":3472,"level":20,"msg":"Added: themes/next/source/css/_common/components/tags/blockquote-center.styl","time":"2016-02-17T07:32:13.789Z","v":0}
{"name":"hexo","hostname":"busterace-PC","pid":3472,"level":20,"msg":"Added: themes/next/source/css/_common/components/tag-cloud.styl","time":"2016-02-17T07:32:13.790Z","v":0}
{"name":"hexo","hostname":"busterace-PC","pid":3472,"level":20,"msg":"Added: themes/next/source/css/_common/components/sidebar/site-state.styl","time":"2016-02-17T07:32:13.790Z","v":0}
{"name":"hexo","hostname":"busterace-PC","pid":3472,"level":20,"msg":"Added: themes/next/source/css/_common/components/tags/full-image.styl","time":"2016-02-17T07:32:13.790Z","v":0}
{"name":"hexo","hostname":"busterace-PC","pid":3472,"level":20,"msg":"Added: themes/next/source/css/_common/components/tags/tags.styl","time":"2016-02-17T07:32:13.793Z","v":0}
{"name":"hexo","hostname":"busterace-PC","pid":3472,"level":20,"msg":"Added: themes/next/source/css/_common/components/third-party/duoshuo.styl","time":"2016-02-17T07:32:13.797Z","v":0}
{"name":"hexo","hostname":"busterace-PC","pid":3472,"level":20,"msg":"Added: themes/next/source/css/_common/components/tags/group-pictures.styl","time":"2016-02-17T07:32:13.798Z","v":0}
{"name":"hexo","hostname":"busterace-PC","pid":3472,"level":20,"msg":"Added: themes/next/source/css/_common/components/third-party/jiathis.styl","time":"2016-02-17T07:32:13.798Z","v":0}
{"name":"hexo","hostname":"busterace-PC","pid":3472,"level":20,"msg":"Added: themes/next/source/css/_common/outline/outline.styl","time":"2016-02-17T07:32:13.798Z","v":0}
{"name":"hexo","hostname":"busterace-PC","pid":3472,"level":20,"msg":"Added: themes/next/source/css/_common/components/third-party/third-party.styl","time":"2016-02-17T07:32:13.800Z","v":0}
{"name":"hexo","hostname":"busterace-PC","pid":3472,"level":20,"msg":"Added: themes/next/source/css/_common/scaffolding/base.styl","time":"2016-02-17T07:32:13.801Z","v":0}
{"name":"hexo","hostname":"busterace-PC","pid":3472,"level":20,"msg":"Added: themes/next/source/css/_common/scaffolding/helpers.styl","time":"2016-02-17T07:32:13.801Z","v":0}
{"name":"hexo","hostname":"busterace-PC","pid":3472,"level":20,"msg":"Added: themes/next/source/css/_common/scaffolding/normalize.styl","time":"2016-02-17T07:32:13.802Z","v":0}
{"name":"hexo","hostname":"busterace-PC","pid":3472,"level":20,"msg":"Added: themes/next/source/css/_common/scaffolding/scaffolding.styl","time":"2016-02-17T07:32:13.802Z","v":0}
{"name":"hexo","hostname":"busterace-PC","pid":3472,"level":20,"msg":"Added: themes/next/source/css/_common/scaffolding/tables.styl","time":"2016-02-17T07:32:13.802Z","v":0}
{"name":"hexo","hostname":"busterace-PC","pid":3472,"level":20,"msg":"Added: themes/next/source/css/_custom/custom.styl","time":"2016-02-17T07:32:13.802Z","v":0}
{"name":"hexo","hostname":"busterace-PC","pid":3472,"level":20,"msg":"Added: themes/next/source/css/_mixins/Pisces.styl","time":"2016-02-17T07:32:13.803Z","v":0}
{"name":"hexo","hostname":"busterace-PC","pid":3472,"level":20,"msg":"Added: themes/next/source/css/_mixins/base.styl","time":"2016-02-17T07:32:13.803Z","v":0}
{"name":"hexo","hostname":"busterace-PC","pid":3472,"level":20,"msg":"Added: themes/next/source/css/_schemes/Mist/_base.styl","time":"2016-02-17T07:32:13.804Z","v":0}
{"name":"hexo","hostname":"busterace-PC","pid":3472,"level":20,"msg":"Added: themes/next/source/css/_schemes/Mist/_header.styl","time":"2016-02-17T07:32:13.805Z","v":0}
{"name":"hexo","hostname":"busterace-PC","pid":3472,"level":20,"msg":"Added: themes/next/source/css/_schemes/Mist/_logo.styl","time":"2016-02-17T07:32:13.805Z","v":0}
{"name":"hexo","hostname":"busterace-PC","pid":3472,"level":20,"msg":"Added: themes/next/source/css/_schemes/Mist/_menu.styl","time":"2016-02-17T07:32:13.806Z","v":0}
{"name":"hexo","hostname":"busterace-PC","pid":3472,"level":20,"msg":"Added: themes/next/source/css/_schemes/Muse/_menu.styl","time":"2016-02-17T07:32:13.806Z","v":0}
{"name":"hexo","hostname":"busterace-PC","pid":3472,"level":20,"msg":"Added: themes/next/source/css/_schemes/Mist/index.styl","time":"2016-02-17T07:32:13.808Z","v":0}
{"name":"hexo","hostname":"busterace-PC","pid":3472,"level":20,"msg":"Added: themes/next/source/css/_schemes/Mist/_posts-expanded.styl","time":"2016-02-17T07:32:13.808Z","v":0}
{"name":"hexo","hostname":"busterace-PC","pid":3472,"level":20,"msg":"Added: themes/next/source/css/_schemes/Muse/_logo.styl","time":"2016-02-17T07:32:13.809Z","v":0}
{"name":"hexo","hostname":"busterace-PC","pid":3472,"level":20,"msg":"Added: themes/next/source/css/_schemes/Muse/_search.styl","time":"2016-02-17T07:32:13.809Z","v":0}
{"name":"hexo","hostname":"busterace-PC","pid":3472,"level":20,"msg":"Added: themes/next/source/css/_schemes/Pisces/_full-image.styl","time":"2016-02-17T07:32:13.810Z","v":0}
{"name":"hexo","hostname":"busterace-PC","pid":3472,"level":20,"msg":"Added: themes/next/source/css/_schemes/Pisces/_brand.styl","time":"2016-02-17T07:32:13.811Z","v":0}
{"name":"hexo","hostname":"busterace-PC","pid":3472,"level":20,"msg":"Added: themes/next/source/css/_schemes/Muse/index.styl","time":"2016-02-17T07:32:13.811Z","v":0}
{"name":"hexo","hostname":"busterace-PC","pid":3472,"level":20,"msg":"Added: themes/next/source/css/_schemes/Pisces/_layout.styl","time":"2016-02-17T07:32:13.811Z","v":0}
{"name":"hexo","hostname":"busterace-PC","pid":3472,"level":20,"msg":"Added: themes/next/source/css/_schemes/Pisces/_posts.styl","time":"2016-02-17T07:32:13.811Z","v":0}
{"name":"hexo","hostname":"busterace-PC","pid":3472,"level":20,"msg":"Added: themes/next/source/css/_schemes/Pisces/_menu.styl","time":"2016-02-17T07:32:13.811Z","v":0}
{"name":"hexo","hostname":"busterace-PC","pid":3472,"level":20,"msg":"Added: themes/next/source/css/_schemes/Pisces/index.styl","time":"2016-02-17T07:32:13.811Z","v":0}
{"name":"hexo","hostname":"busterace-PC","pid":3472,"level":20,"msg":"Added: themes/next/source/css/_variables/Mist.styl","time":"2016-02-17T07:32:13.812Z","v":0}
{"name":"hexo","hostname":"busterace-PC","pid":3472,"level":20,"msg":"Added: themes/next/source/css/_schemes/Pisces/_sidebar.styl","time":"2016-02-17T07:32:13.814Z","v":0}
{"name":"hexo","hostname":"busterace-PC","pid":3472,"level":20,"msg":"Added: themes/next/source/css/_variables/base.styl","time":"2016-02-17T07:32:13.814Z","v":0}
{"name":"hexo","hostname":"busterace-PC","pid":3472,"level":20,"msg":"Added: themes/next/source/css/_variables/Pisces.styl","time":"2016-02-17T07:32:13.814Z","v":0}
{"name":"hexo","hostname":"busterace-PC","pid":3472,"level":20,"msg":"Added: themes/next/source/css/main.styl","time":"2016-02-17T07:32:13.814Z","v":0}
{"name":"hexo","hostname":"busterace-PC","pid":3472,"level":20,"msg":"Added: themes/next/source/css/_variables/default.styl","time":"2016-02-17T07:32:13.815Z","v":0}
{"name":"hexo","hostname":"busterace-PC","pid":3472,"level":20,"msg":"Added: themes/next/source/images/cc-by-nc-nd.svg","time":"2016-02-17T07:32:13.815Z","v":0}
{"name":"hexo","hostname":"busterace-PC","pid":3472,"level":20,"msg":"Added: themes/next/source/images/cc-by-nc-sa.svg","time":"2016-02-17T07:32:13.815Z","v":0}
{"name":"hexo","hostname":"busterace-PC","pid":3472,"level":20,"msg":"Added: themes/next/source/images/cc-by-nc.svg","time":"2016-02-17T07:32:13.815Z","v":0}
{"name":"hexo","hostname":"busterace-PC","pid":3472,"level":20,"msg":"Added: themes/next/source/images/cc-by-sa.svg","time":"2016-02-17T07:32:13.815Z","v":0}
{"name":"hexo","hostname":"busterace-PC","pid":3472,"level":20,"msg":"Added: themes/next/source/images/cc-by-nd.svg","time":"2016-02-17T07:32:13.816Z","v":0}
{"name":"hexo","hostname":"busterace-PC","pid":3472,"level":20,"msg":"Added: themes/next/source/images/cc-by.svg","time":"2016-02-17T07:32:13.816Z","v":0}
{"name":"hexo","hostname":"busterace-PC","pid":3472,"level":20,"msg":"Added: themes/next/source/images/loading.gif","time":"2016-02-17T07:32:13.816Z","v":0}
{"name":"hexo","hostname":"busterace-PC","pid":3472,"level":20,"msg":"Added: themes/next/source/images/cc-zero.svg","time":"2016-02-17T07:32:13.816Z","v":0}
{"name":"hexo","hostname":"busterace-PC","pid":3472,"level":20,"msg":"Added: themes/next/source/images/quote-r.svg","time":"2016-02-17T07:32:13.817Z","v":0}
{"name":"hexo","hostname":"busterace-PC","pid":3472,"level":20,"msg":"Added: themes/next/source/images/placeholder.gif","time":"2016-02-17T07:32:13.817Z","v":0}
{"name":"hexo","hostname":"busterace-PC","pid":3472,"level":20,"msg":"Added: themes/next/source/images/quote-l.svg","time":"2016-02-17T07:32:13.817Z","v":0}
{"name":"hexo","hostname":"busterace-PC","pid":3472,"level":20,"msg":"Added: themes/next/source/images/searchicon.png","time":"2016-02-17T07:32:13.819Z","v":0}
{"name":"hexo","hostname":"busterace-PC","pid":3472,"level":20,"msg":"Added: themes/next/source/js/src/affix.js","time":"2016-02-17T07:32:13.820Z","v":0}
{"name":"hexo","hostname":"busterace-PC","pid":3472,"level":20,"msg":"Added: themes/next/source/js/src/bootstrap.js","time":"2016-02-17T07:32:13.820Z","v":0}
{"name":"hexo","hostname":"busterace-PC","pid":3472,"level":20,"msg":"Added: themes/next/source/js/src/motion.js","time":"2016-02-17T07:32:13.820Z","v":0}
{"name":"hexo","hostname":"busterace-PC","pid":3472,"level":20,"msg":"Added: themes/next/source/js/src/schemes/pisces.js","time":"2016-02-17T07:32:13.820Z","v":0}
{"name":"hexo","hostname":"busterace-PC","pid":3472,"level":20,"msg":"Added: themes/next/source/js/src/hook-duoshuo.js","time":"2016-02-17T07:32:13.820Z","v":0}
{"name":"hexo","hostname":"busterace-PC","pid":3472,"level":20,"msg":"Added: themes/next/source/js/src/utils.js","time":"2016-02-17T07:32:13.821Z","v":0}
{"name":"hexo","hostname":"busterace-PC","pid":3472,"level":20,"msg":"Added: themes/next/source/vendors/fancybox/source/blank.gif","time":"2016-02-17T07:32:13.821Z","v":0}
{"name":"hexo","hostname":"busterace-PC","pid":3472,"level":20,"msg":"Added: themes/next/source/js/src/scrollspy.js","time":"2016-02-17T07:32:13.822Z","v":0}
{"name":"hexo","hostname":"busterace-PC","pid":3472,"level":20,"msg":"Added: themes/next/source/vendors/fancybox/source/fancybox_loading.gif","time":"2016-02-17T07:32:13.822Z","v":0}
{"name":"hexo","hostname":"busterace-PC","pid":3472,"level":20,"msg":"Added: themes/next/source/vendors/fancybox/source/fancybox_overlay.png","time":"2016-02-17T07:32:13.822Z","v":0}
{"name":"hexo","hostname":"busterace-PC","pid":3472,"level":20,"msg":"Added: themes/next/source/vendors/fancybox/source/fancybox_loading@2x.gif","time":"2016-02-17T07:32:13.822Z","v":0}
{"name":"hexo","hostname":"busterace-PC","pid":3472,"level":20,"msg":"Added: themes/next/source/vendors/fancybox/source/fancybox_sprite.png","time":"2016-02-17T07:32:13.824Z","v":0}
{"name":"hexo","hostname":"busterace-PC","pid":3472,"level":20,"msg":"Added: themes/next/source/vendors/fancybox/source/fancybox_sprite@2x.png","time":"2016-02-17T07:32:13.824Z","v":0}
{"name":"hexo","hostname":"busterace-PC","pid":3472,"level":20,"msg":"Added: themes/next/source/vendors/fancybox/source/helpers/fancybox_buttons.png","time":"2016-02-17T07:32:13.824Z","v":0}
{"name":"hexo","hostname":"busterace-PC","pid":3472,"level":20,"msg":"Added: themes/next/source/vendors/fancybox/source/helpers/jquery.fancybox-buttons.css","time":"2016-02-17T07:32:13.825Z","v":0}
{"name":"hexo","hostname":"busterace-PC","pid":3472,"level":20,"msg":"Added: themes/next/source/vendors/fancybox/source/helpers/jquery.fancybox-buttons.js","time":"2016-02-17T07:32:13.825Z","v":0}
{"name":"hexo","hostname":"busterace-PC","pid":3472,"level":20,"msg":"Added: themes/next/source/vendors/fancybox/source/helpers/jquery.fancybox-media.js","time":"2016-02-17T07:32:13.825Z","v":0}
{"name":"hexo","hostname":"busterace-PC","pid":3472,"level":20,"msg":"Added: themes/next/source/vendors/fancybox/source/helpers/jquery.fancybox-thumbs.css","time":"2016-02-17T07:32:13.826Z","v":0}
{"name":"hexo","hostname":"busterace-PC","pid":3472,"level":20,"msg":"Added: themes/next/source/vendors/fancybox/source/helpers/jquery.fancybox-thumbs.js","time":"2016-02-17T07:32:13.826Z","v":0}
{"name":"hexo","hostname":"busterace-PC","pid":3472,"level":20,"msg":"Added: themes/next/source/vendors/fancybox/source/jquery.fancybox.css","time":"2016-02-17T07:32:13.826Z","v":0}
{"name":"hexo","hostname":"busterace-PC","pid":3472,"level":20,"msg":"Added: themes/next/source/vendors/fancybox/source/jquery.fancybox.js","time":"2016-02-17T07:32:13.826Z","v":0}
{"name":"hexo","hostname":"busterace-PC","pid":3472,"level":20,"msg":"Added: themes/next/source/vendors/fancybox/source/jquery.fancybox.pack.js","time":"2016-02-17T07:32:13.826Z","v":0}
{"name":"hexo","hostname":"busterace-PC","pid":3472,"level":20,"msg":"Added: themes/next/source/vendors/fastclick/README.md","time":"2016-02-17T07:32:13.826Z","v":0}
{"name":"hexo","hostname":"busterace-PC","pid":3472,"level":20,"msg":"Added: themes/next/source/vendors/fastclick/LICENSE","time":"2016-02-17T07:32:13.827Z","v":0}
{"name":"hexo","hostname":"busterace-PC","pid":3472,"level":20,"msg":"Added: themes/next/source/vendors/fastclick/bower.json","time":"2016-02-17T07:32:13.827Z","v":0}
{"name":"hexo","hostname":"busterace-PC","pid":3472,"level":20,"msg":"Added: themes/next/source/vendors/fastclick/lib/fastclick.js","time":"2016-02-17T07:32:13.827Z","v":0}
{"name":"hexo","hostname":"busterace-PC","pid":3472,"level":20,"msg":"Added: themes/next/source/vendors/fastclick/lib/fastclick.min.js","time":"2016-02-17T07:32:13.827Z","v":0}
{"name":"hexo","hostname":"busterace-PC","pid":3472,"level":20,"msg":"Added: themes/next/source/vendors/font-awesome/bower.json","time":"2016-02-17T07:32:13.827Z","v":0}
{"name":"hexo","hostname":"busterace-PC","pid":3472,"level":20,"msg":"Added: themes/next/source/vendors/font-awesome/css/font-awesome.css","time":"2016-02-17T07:32:13.827Z","v":0}
{"name":"hexo","hostname":"busterace-PC","pid":3472,"level":20,"msg":"Added: themes/next/source/vendors/font-awesome/HELP-US-OUT.txt","time":"2016-02-17T07:32:13.828Z","v":0}
{"name":"hexo","hostname":"busterace-PC","pid":3472,"level":20,"msg":"Added: themes/next/source/vendors/font-awesome/css/font-awesome.css.map","time":"2016-02-17T07:32:13.828Z","v":0}
{"name":"hexo","hostname":"busterace-PC","pid":3472,"level":20,"msg":"Added: themes/next/source/vendors/font-awesome/css/font-awesome.min.css","time":"2016-02-17T07:32:13.828Z","v":0}
{"name":"hexo","hostname":"busterace-PC","pid":3472,"level":20,"msg":"Added: themes/next/source/vendors/font-awesome/fonts/fontawesome-webfont.woff2","time":"2016-02-17T07:32:13.828Z","v":0}
{"name":"hexo","hostname":"busterace-PC","pid":3472,"level":20,"msg":"Added: themes/next/source/vendors/jquery_lazyload/CONTRIBUTING.md","time":"2016-02-17T07:32:13.828Z","v":0}
{"name":"hexo","hostname":"busterace-PC","pid":3472,"level":20,"msg":"Added: themes/next/source/vendors/jquery_lazyload/README.md","time":"2016-02-17T07:32:13.829Z","v":0}
{"name":"hexo","hostname":"busterace-PC","pid":3472,"level":20,"msg":"Added: themes/next/source/vendors/jquery_lazyload/jquery.lazyload.js","time":"2016-02-17T07:32:13.829Z","v":0}
{"name":"hexo","hostname":"busterace-PC","pid":3472,"level":20,"msg":"Added: themes/next/source/vendors/jquery_lazyload/bower.json","time":"2016-02-17T07:32:13.829Z","v":0}
{"name":"hexo","hostname":"busterace-PC","pid":3472,"level":20,"msg":"Added: themes/next/source/vendors/jquery_lazyload/jquery.scrollstop.js","time":"2016-02-17T07:32:13.829Z","v":0}
{"name":"hexo","hostname":"busterace-PC","pid":3472,"level":20,"msg":"Added: themes/next/source/vendors/ua-parser-js/dist/ua-parser.min.js","time":"2016-02-17T07:32:13.830Z","v":0}
{"name":"hexo","hostname":"busterace-PC","pid":3472,"level":20,"msg":"Added: themes/next/source/vendors/ua-parser-js/dist/ua-parser.pack.js","time":"2016-02-17T07:32:13.830Z","v":0}
{"name":"hexo","hostname":"busterace-PC","pid":3472,"level":20,"msg":"Added: themes/next/source/vendors/velocity/bower.json","time":"2016-02-17T07:32:13.830Z","v":0}
{"name":"hexo","hostname":"busterace-PC","pid":3472,"level":20,"msg":"Added: themes/next/source/vendors/velocity/velocity.min.js","time":"2016-02-17T07:32:13.830Z","v":0}
{"name":"hexo","hostname":"busterace-PC","pid":3472,"level":20,"msg":"Added: themes/next/source/vendors/velocity/velocity.ui.js","time":"2016-02-17T07:32:13.830Z","v":0}
{"name":"hexo","hostname":"busterace-PC","pid":3472,"level":20,"msg":"Added: themes/next/source/vendors/velocity/velocity.ui.min.js","time":"2016-02-17T07:32:13.831Z","v":0}
{"name":"hexo","hostname":"busterace-PC","pid":3472,"level":20,"msg":"Added: themes/next/test/helpers.js","time":"2016-02-17T07:32:13.831Z","v":0}
{"name":"hexo","hostname":"busterace-PC","pid":3472,"level":20,"msg":"Added: themes/next/test/intern.js","time":"2016-02-17T07:32:13.831Z","v":0}
{"name":"hexo","hostname":"busterace-PC","pid":3472,"level":20,"msg":"Added: themes/next/source/vendors/font-awesome/fonts/FontAwesome.otf","time":"2016-02-17T07:32:13.905Z","v":0}
{"name":"hexo","hostname":"busterace-PC","pid":3472,"level":20,"msg":"Added: themes/next/source/vendors/font-awesome/fonts/fontawesome-webfont.eot","time":"2016-02-17T07:32:13.905Z","v":0}
{"name":"hexo","hostname":"busterace-PC","pid":3472,"level":20,"msg":"Added: themes/next/source/vendors/font-awesome/fonts/fontawesome-webfont.woff","time":"2016-02-17T07:32:13.905Z","v":0}
{"name":"hexo","hostname":"busterace-PC","pid":3472,"level":20,"msg":"Added: themes/next/source/vendors/jquery/index.js","time":"2016-02-17T07:32:13.905Z","v":0}
{"name":"hexo","hostname":"busterace-PC","pid":3472,"level":20,"msg":"Added: themes/next/source/vendors/font-awesome/fonts/fontawesome-webfont.ttf","time":"2016-02-17T07:32:13.909Z","v":0}
{"name":"hexo","hostname":"busterace-PC","pid":3472,"level":20,"msg":"Added: themes/next/source/vendors/velocity/velocity.js","time":"2016-02-17T07:32:13.911Z","v":0}
{"name":"hexo","hostname":"busterace-PC","pid":3472,"level":20,"msg":"Added: themes/next/source/vendors/font-awesome/fonts/fontawesome-webfont.svg","time":"2016-02-17T07:32:13.913Z","v":0}
{"name":"hexo","hostname":"busterace-PC","pid":3472,"level":20,"msg":"Processed: source/vendors/velocity/velocity.ui.min.js","time":"2016-02-17T07:32:13.917Z","v":0}
{"name":"hexo","hostname":"busterace-PC","pid":3472,"level":20,"msg":"Processed: source/vendors/velocity/velocity.ui.js","time":"2016-02-17T07:32:13.918Z","v":0}
{"name":"hexo","hostname":"busterace-PC","pid":3472,"level":20,"msg":"Processed: source/vendors/velocity/velocity.min.js","time":"2016-02-17T07:32:13.919Z","v":0}
{"name":"hexo","hostname":"busterace-PC","pid":3472,"level":20,"msg":"Processed: source/vendors/velocity/velocity.js","time":"2016-02-17T07:32:13.920Z","v":0}
{"name":"hexo","hostname":"busterace-PC","pid":3472,"level":20,"msg":"Processed: source/vendors/velocity/bower.json","time":"2016-02-17T07:32:13.920Z","v":0}
{"name":"hexo","hostname":"busterace-PC","pid":3472,"level":20,"msg":"Processed: source/vendors/ua-parser-js/dist/ua-parser.pack.js","time":"2016-02-17T07:32:13.921Z","v":0}
{"name":"hexo","hostname":"busterace-PC","pid":3472,"level":20,"msg":"Processed: source/vendors/ua-parser-js/dist/ua-parser.min.js","time":"2016-02-17T07:32:13.921Z","v":0}
{"name":"hexo","hostname":"busterace-PC","pid":3472,"level":20,"msg":"Processed: source/vendors/jquery_lazyload/jquery.scrollstop.js","time":"2016-02-17T07:32:13.922Z","v":0}
{"name":"hexo","hostname":"busterace-PC","pid":3472,"level":20,"msg":"Processed: source/vendors/jquery_lazyload/jquery.lazyload.js","time":"2016-02-17T07:32:13.922Z","v":0}
{"name":"hexo","hostname":"busterace-PC","pid":3472,"level":20,"msg":"Processed: source/vendors/jquery_lazyload/bower.json","time":"2016-02-17T07:32:13.923Z","v":0}
{"name":"hexo","hostname":"busterace-PC","pid":3472,"level":20,"msg":"Processed: source/vendors/jquery_lazyload/README.md","time":"2016-02-17T07:32:13.923Z","v":0}
{"name":"hexo","hostname":"busterace-PC","pid":3472,"level":20,"msg":"Processed: source/vendors/jquery_lazyload/CONTRIBUTING.md","time":"2016-02-17T07:32:13.924Z","v":0}
{"name":"hexo","hostname":"busterace-PC","pid":3472,"level":20,"msg":"Processed: source/vendors/jquery/index.js","time":"2016-02-17T07:32:13.925Z","v":0}
{"name":"hexo","hostname":"busterace-PC","pid":3472,"level":20,"msg":"Processed: source/vendors/font-awesome/fonts/fontawesome-webfont.woff2","time":"2016-02-17T07:32:13.926Z","v":0}
{"name":"hexo","hostname":"busterace-PC","pid":3472,"level":20,"msg":"Processed: source/vendors/font-awesome/fonts/fontawesome-webfont.woff","time":"2016-02-17T07:32:13.926Z","v":0}
{"name":"hexo","hostname":"busterace-PC","pid":3472,"level":20,"msg":"Processed: source/vendors/font-awesome/fonts/fontawesome-webfont.ttf","time":"2016-02-17T07:32:13.928Z","v":0}
{"name":"hexo","hostname":"busterace-PC","pid":3472,"level":20,"msg":"Processed: source/vendors/font-awesome/fonts/fontawesome-webfont.svg","time":"2016-02-17T07:32:13.929Z","v":0}
{"name":"hexo","hostname":"busterace-PC","pid":3472,"level":20,"msg":"Processed: source/vendors/font-awesome/fonts/fontawesome-webfont.eot","time":"2016-02-17T07:32:13.930Z","v":0}
{"name":"hexo","hostname":"busterace-PC","pid":3472,"level":20,"msg":"Processed: source/vendors/font-awesome/fonts/FontAwesome.otf","time":"2016-02-17T07:32:13.931Z","v":0}
{"name":"hexo","hostname":"busterace-PC","pid":3472,"level":20,"msg":"Processed: source/vendors/font-awesome/css/font-awesome.min.css","time":"2016-02-17T07:32:13.932Z","v":0}
{"name":"hexo","hostname":"busterace-PC","pid":3472,"level":20,"msg":"Processed: source/vendors/font-awesome/css/font-awesome.css.map","time":"2016-02-17T07:32:13.933Z","v":0}
{"name":"hexo","hostname":"busterace-PC","pid":3472,"level":20,"msg":"Processed: source/vendors/font-awesome/css/font-awesome.css","time":"2016-02-17T07:32:13.933Z","v":0}
{"name":"hexo","hostname":"busterace-PC","pid":3472,"level":20,"msg":"Processed: source/vendors/font-awesome/bower.json","time":"2016-02-17T07:32:13.934Z","v":0}
{"name":"hexo","hostname":"busterace-PC","pid":3472,"level":20,"msg":"Processed: source/vendors/font-awesome/HELP-US-OUT.txt","time":"2016-02-17T07:32:13.934Z","v":0}
{"name":"hexo","hostname":"busterace-PC","pid":3472,"level":20,"msg":"Processed: source/vendors/fastclick/lib/fastclick.min.js","time":"2016-02-17T07:32:13.935Z","v":0}
{"name":"hexo","hostname":"busterace-PC","pid":3472,"level":20,"msg":"Processed: source/vendors/fastclick/lib/fastclick.js","time":"2016-02-17T07:32:13.936Z","v":0}
{"name":"hexo","hostname":"busterace-PC","pid":3472,"level":20,"msg":"Processed: source/vendors/fastclick/bower.json","time":"2016-02-17T07:32:13.936Z","v":0}
{"name":"hexo","hostname":"busterace-PC","pid":3472,"level":20,"msg":"Processed: source/vendors/fastclick/README.md","time":"2016-02-17T07:32:13.937Z","v":0}
{"name":"hexo","hostname":"busterace-PC","pid":3472,"level":20,"msg":"Processed: source/vendors/fastclick/LICENSE","time":"2016-02-17T07:32:13.937Z","v":0}
{"name":"hexo","hostname":"busterace-PC","pid":3472,"level":20,"msg":"Processed: source/vendors/fancybox/source/jquery.fancybox.pack.js","time":"2016-02-17T07:32:13.938Z","v":0}
{"name":"hexo","hostname":"busterace-PC","pid":3472,"level":20,"msg":"Processed: source/vendors/fancybox/source/jquery.fancybox.js","time":"2016-02-17T07:32:13.938Z","v":0}
{"name":"hexo","hostname":"busterace-PC","pid":3472,"level":20,"msg":"Processed: source/vendors/fancybox/source/jquery.fancybox.css","time":"2016-02-17T07:32:13.940Z","v":0}
{"name":"hexo","hostname":"busterace-PC","pid":3472,"level":20,"msg":"Processed: source/vendors/fancybox/source/helpers/jquery.fancybox-thumbs.js","time":"2016-02-17T07:32:13.942Z","v":0}
{"name":"hexo","hostname":"busterace-PC","pid":3472,"level":20,"msg":"Processed: source/vendors/fancybox/source/helpers/jquery.fancybox-thumbs.css","time":"2016-02-17T07:32:13.943Z","v":0}
{"name":"hexo","hostname":"busterace-PC","pid":3472,"level":20,"msg":"Processed: source/vendors/fancybox/source/helpers/jquery.fancybox-media.js","time":"2016-02-17T07:32:13.944Z","v":0}
{"name":"hexo","hostname":"busterace-PC","pid":3472,"level":20,"msg":"Processed: source/vendors/fancybox/source/helpers/jquery.fancybox-buttons.js","time":"2016-02-17T07:32:13.944Z","v":0}
{"name":"hexo","hostname":"busterace-PC","pid":3472,"level":20,"msg":"Processed: source/vendors/fancybox/source/helpers/jquery.fancybox-buttons.css","time":"2016-02-17T07:32:13.945Z","v":0}
{"name":"hexo","hostname":"busterace-PC","pid":3472,"level":20,"msg":"Processed: source/vendors/fancybox/source/helpers/fancybox_buttons.png","time":"2016-02-17T07:32:13.946Z","v":0}
{"name":"hexo","hostname":"busterace-PC","pid":3472,"level":20,"msg":"Processed: source/vendors/fancybox/source/fancybox_sprite@2x.png","time":"2016-02-17T07:32:13.947Z","v":0}
{"name":"hexo","hostname":"busterace-PC","pid":3472,"level":20,"msg":"Processed: source/vendors/fancybox/source/fancybox_sprite.png","time":"2016-02-17T07:32:13.947Z","v":0}
{"name":"hexo","hostname":"busterace-PC","pid":3472,"level":20,"msg":"Processed: source/vendors/fancybox/source/fancybox_overlay.png","time":"2016-02-17T07:32:13.948Z","v":0}
{"name":"hexo","hostname":"busterace-PC","pid":3472,"level":20,"msg":"Processed: source/vendors/fancybox/source/fancybox_loading@2x.gif","time":"2016-02-17T07:32:13.948Z","v":0}
{"name":"hexo","hostname":"busterace-PC","pid":3472,"level":20,"msg":"Processed: source/vendors/fancybox/source/fancybox_loading.gif","time":"2016-02-17T07:32:13.949Z","v":0}
{"name":"hexo","hostname":"busterace-PC","pid":3472,"level":20,"msg":"Processed: source/vendors/fancybox/source/blank.gif","time":"2016-02-17T07:32:13.950Z","v":0}
{"name":"hexo","hostname":"busterace-PC","pid":3472,"level":20,"msg":"Processed: source/js/src/utils.js","time":"2016-02-17T07:32:13.951Z","v":0}
{"name":"hexo","hostname":"busterace-PC","pid":3472,"level":20,"msg":"Processed: source/js/src/scrollspy.js","time":"2016-02-17T07:32:13.952Z","v":0}
{"name":"hexo","hostname":"busterace-PC","pid":3472,"level":20,"msg":"Processed: source/js/src/schemes/pisces.js","time":"2016-02-17T07:32:13.952Z","v":0}
{"name":"hexo","hostname":"busterace-PC","pid":3472,"level":20,"msg":"Processed: source/js/src/motion.js","time":"2016-02-17T07:32:13.953Z","v":0}
{"name":"hexo","hostname":"busterace-PC","pid":3472,"level":20,"msg":"Processed: source/js/src/hook-duoshuo.js","time":"2016-02-17T07:32:13.954Z","v":0}
{"name":"hexo","hostname":"busterace-PC","pid":3472,"level":20,"msg":"Processed: source/js/src/bootstrap.js","time":"2016-02-17T07:32:13.954Z","v":0}
{"name":"hexo","hostname":"busterace-PC","pid":3472,"level":20,"msg":"Processed: source/js/src/affix.js","time":"2016-02-17T07:32:13.955Z","v":0}
{"name":"hexo","hostname":"busterace-PC","pid":3472,"level":20,"msg":"Processed: source/images/searchicon.png","time":"2016-02-17T07:32:13.956Z","v":0}
{"name":"hexo","hostname":"busterace-PC","pid":3472,"level":20,"msg":"Processed: source/images/quote-r.svg","time":"2016-02-17T07:32:13.957Z","v":0}
{"name":"hexo","hostname":"busterace-PC","pid":3472,"level":20,"msg":"Processed: source/images/quote-l.svg","time":"2016-02-17T07:32:13.957Z","v":0}
{"name":"hexo","hostname":"busterace-PC","pid":3472,"level":20,"msg":"Processed: source/images/placeholder.gif","time":"2016-02-17T07:32:13.958Z","v":0}
{"name":"hexo","hostname":"busterace-PC","pid":3472,"level":20,"msg":"Processed: source/images/loading.gif","time":"2016-02-17T07:32:13.958Z","v":0}
{"name":"hexo","hostname":"busterace-PC","pid":3472,"level":20,"msg":"Processed: source/images/cc-zero.svg","time":"2016-02-17T07:32:13.959Z","v":0}
{"name":"hexo","hostname":"busterace-PC","pid":3472,"level":20,"msg":"Processed: source/images/cc-by.svg","time":"2016-02-17T07:32:13.960Z","v":0}
{"name":"hexo","hostname":"busterace-PC","pid":3472,"level":20,"msg":"Processed: source/images/cc-by-sa.svg","time":"2016-02-17T07:32:13.960Z","v":0}
{"name":"hexo","hostname":"busterace-PC","pid":3472,"level":20,"msg":"Processed: source/images/cc-by-nd.svg","time":"2016-02-17T07:32:13.961Z","v":0}
{"name":"hexo","hostname":"busterace-PC","pid":3472,"level":20,"msg":"Processed: source/images/cc-by-nc.svg","time":"2016-02-17T07:32:13.962Z","v":0}
{"name":"hexo","hostname":"busterace-PC","pid":3472,"level":20,"msg":"Processed: source/images/cc-by-nc-sa.svg","time":"2016-02-17T07:32:13.964Z","v":0}
{"name":"hexo","hostname":"busterace-PC","pid":3472,"level":20,"msg":"Processed: source/images/cc-by-nc-nd.svg","time":"2016-02-17T07:32:13.966Z","v":0}
{"name":"hexo","hostname":"busterace-PC","pid":3472,"level":20,"msg":"Processed: source/css/main.styl","time":"2016-02-17T07:32:13.966Z","v":0}
{"name":"hexo","hostname":"busterace-PC","pid":3472,"level":20,"msg":"Processed: layout/tag.swig","time":"2016-02-17T07:32:13.982Z","v":0}
{"name":"hexo","hostname":"busterace-PC","pid":3472,"level":20,"msg":"Processed: layout/post.swig","time":"2016-02-17T07:32:13.997Z","v":0}
{"name":"hexo","hostname":"busterace-PC","pid":3472,"level":20,"msg":"Processed: layout/page.swig","time":"2016-02-17T07:32:13.998Z","v":0}
{"name":"hexo","hostname":"busterace-PC","pid":3472,"level":20,"msg":"Processed: layout/index.swig","time":"2016-02-17T07:32:14.000Z","v":0}
{"name":"hexo","hostname":"busterace-PC","pid":3472,"level":20,"msg":"Processed: layout/category.swig","time":"2016-02-17T07:32:14.001Z","v":0}
{"name":"hexo","hostname":"busterace-PC","pid":3472,"level":20,"msg":"Processed: layout/archive.swig","time":"2016-02-17T07:32:14.002Z","v":0}
{"name":"hexo","hostname":"busterace-PC","pid":3472,"level":20,"msg":"Processed: layout/_scripts/vendors.swig","time":"2016-02-17T07:32:14.003Z","v":0}
{"name":"hexo","hostname":"busterace-PC","pid":3472,"level":20,"msg":"Processed: layout/_scripts/third-party/tinysou.swig","time":"2016-02-17T07:32:14.008Z","v":0}
{"name":"hexo","hostname":"busterace-PC","pid":3472,"level":20,"msg":"Processed: layout/_scripts/third-party/mathjax.swig","time":"2016-02-17T07:32:14.009Z","v":0}
{"name":"hexo","hostname":"busterace-PC","pid":3472,"level":20,"msg":"Processed: layout/_scripts/third-party/lean-analytics.swig","time":"2016-02-17T07:32:14.010Z","v":0}
{"name":"hexo","hostname":"busterace-PC","pid":3472,"level":20,"msg":"Processed: layout/_scripts/third-party/comments.swig","time":"2016-02-17T07:32:14.011Z","v":0}
{"name":"hexo","hostname":"busterace-PC","pid":3472,"level":20,"msg":"Processed: layout/_scripts/third-party/comments/duoshuo.swig","time":"2016-02-17T07:32:14.012Z","v":0}
{"name":"hexo","hostname":"busterace-PC","pid":3472,"level":20,"msg":"Processed: layout/_scripts/third-party/comments/disqus.swig","time":"2016-02-17T07:32:14.013Z","v":0}
{"name":"hexo","hostname":"busterace-PC","pid":3472,"level":20,"msg":"Processed: layout/_scripts/third-party/baidushare.swig","time":"2016-02-17T07:32:14.014Z","v":0}
{"name":"hexo","hostname":"busterace-PC","pid":3472,"level":20,"msg":"Processed: layout/_scripts/third-party/analytics.swig","time":"2016-02-17T07:32:14.015Z","v":0}
{"name":"hexo","hostname":"busterace-PC","pid":3472,"level":20,"msg":"Processed: layout/_scripts/third-party/analytics/tencent-analytics.swig","time":"2016-02-17T07:32:14.016Z","v":0}
{"name":"hexo","hostname":"busterace-PC","pid":3472,"level":20,"msg":"Processed: layout/_scripts/third-party/analytics/google-analytics.swig","time":"2016-02-17T07:32:14.019Z","v":0}
{"name":"hexo","hostname":"busterace-PC","pid":3472,"level":20,"msg":"Processed: layout/_scripts/third-party/analytics/facebook-sdk.swig","time":"2016-02-17T07:32:14.020Z","v":0}
{"name":"hexo","hostname":"busterace-PC","pid":3472,"level":20,"msg":"Processed: layout/_scripts/third-party/analytics/baidu-analytics.swig","time":"2016-02-17T07:32:14.021Z","v":0}
{"name":"hexo","hostname":"busterace-PC","pid":3472,"level":20,"msg":"Processed: layout/_scripts/schemes/pisces.swig","time":"2016-02-17T07:32:14.023Z","v":0}
{"name":"hexo","hostname":"busterace-PC","pid":3472,"level":20,"msg":"Processed: layout/_scripts/schemes/muse.swig","time":"2016-02-17T07:32:14.025Z","v":0}
{"name":"hexo","hostname":"busterace-PC","pid":3472,"level":20,"msg":"Processed: layout/_scripts/schemes/mist.swig","time":"2016-02-17T07:32:14.026Z","v":0}
{"name":"hexo","hostname":"busterace-PC","pid":3472,"level":20,"msg":"Processed: layout/_scripts/pages/post-details.swig","time":"2016-02-17T07:32:14.027Z","v":0}
{"name":"hexo","hostname":"busterace-PC","pid":3472,"level":20,"msg":"Processed: layout/_scripts/commons.swig","time":"2016-02-17T07:32:14.028Z","v":0}
{"name":"hexo","hostname":"busterace-PC","pid":3472,"level":20,"msg":"Processed: layout/_scripts/boostrap.swig","time":"2016-02-17T07:32:14.029Z","v":0}
{"name":"hexo","hostname":"busterace-PC","pid":3472,"level":20,"msg":"Processed: layout/_partials/share/jiathis.swig","time":"2016-02-17T07:32:14.030Z","v":0}
{"name":"hexo","hostname":"busterace-PC","pid":3472,"level":20,"msg":"Processed: layout/_partials/share/duoshuo_share.swig","time":"2016-02-17T07:32:14.031Z","v":0}
{"name":"hexo","hostname":"busterace-PC","pid":3472,"level":20,"msg":"Processed: layout/_partials/share/add-this.swig","time":"2016-02-17T07:32:14.032Z","v":0}
{"name":"hexo","hostname":"busterace-PC","pid":3472,"level":20,"msg":"Processed: layout/_partials/search.swig","time":"2016-02-17T07:32:14.033Z","v":0}
{"name":"hexo","hostname":"busterace-PC","pid":3472,"level":20,"msg":"Processed: layout/_partials/search/tinysou.swig","time":"2016-02-17T07:32:14.034Z","v":0}
{"name":"hexo","hostname":"busterace-PC","pid":3472,"level":20,"msg":"Processed: layout/_partials/search/swiftype.swig","time":"2016-02-17T07:32:14.034Z","v":0}
{"name":"hexo","hostname":"busterace-PC","pid":3472,"level":20,"msg":"Processed: layout/_partials/pagination.swig","time":"2016-02-17T07:32:14.037Z","v":0}
{"name":"hexo","hostname":"busterace-PC","pid":3472,"level":20,"msg":"Processed: layout/_partials/header.swig","time":"2016-02-17T07:32:14.038Z","v":0}
{"name":"hexo","hostname":"busterace-PC","pid":3472,"level":20,"msg":"Processed: layout/_partials/head.swig","time":"2016-02-17T07:32:14.041Z","v":0}
{"name":"hexo","hostname":"busterace-PC","pid":3472,"level":20,"msg":"Processed: layout/_partials/footer.swig","time":"2016-02-17T07:32:14.042Z","v":0}
{"name":"hexo","hostname":"busterace-PC","pid":3472,"level":20,"msg":"Processed: layout/_partials/duoshuo-hot-articles.swig","time":"2016-02-17T07:32:14.044Z","v":0}
{"name":"hexo","hostname":"busterace-PC","pid":3472,"level":20,"msg":"Processed: layout/_partials/comments.swig","time":"2016-02-17T07:32:14.045Z","v":0}
{"name":"hexo","hostname":"busterace-PC","pid":3472,"level":20,"msg":"Processed: layout/_macro/sidebar.swig","time":"2016-02-17T07:32:14.045Z","v":0}
{"name":"hexo","hostname":"busterace-PC","pid":3472,"level":20,"msg":"Processed: layout/_macro/post.swig","time":"2016-02-17T07:32:14.046Z","v":0}
{"name":"hexo","hostname":"busterace-PC","pid":3472,"level":20,"msg":"Processed: layout/_macro/post-collapse.swig","time":"2016-02-17T07:32:14.047Z","v":0}
{"name":"hexo","hostname":"busterace-PC","pid":3472,"level":20,"msg":"Processed: layout/_layout.swig","time":"2016-02-17T07:32:14.048Z","v":0}
{"name":"hexo","hostname":"busterace-PC","pid":3472,"level":20,"msg":"Processed: languages/zh-tw.yml","time":"2016-02-17T07:32:14.056Z","v":0}
{"name":"hexo","hostname":"busterace-PC","pid":3472,"level":20,"msg":"Processed: languages/zh-hk.yml","time":"2016-02-17T07:32:14.059Z","v":0}
{"name":"hexo","hostname":"busterace-PC","pid":3472,"level":20,"msg":"Processed: languages/zh-Hans.yml","time":"2016-02-17T07:32:14.070Z","v":0}
{"name":"hexo","hostname":"busterace-PC","pid":3472,"level":20,"msg":"Processed: languages/ru.yml","time":"2016-02-17T07:32:14.073Z","v":0}
{"name":"hexo","hostname":"busterace-PC","pid":3472,"level":20,"msg":"Processed: languages/pt.yml","time":"2016-02-17T07:32:14.079Z","v":0}
{"name":"hexo","hostname":"busterace-PC","pid":3472,"level":20,"msg":"Processed: languages/fr-FR.yml","time":"2016-02-17T07:32:14.082Z","v":0}
{"name":"hexo","hostname":"busterace-PC","pid":3472,"level":20,"msg":"Processed: languages/en.yml","time":"2016-02-17T07:32:14.086Z","v":0}
{"name":"hexo","hostname":"busterace-PC","pid":3472,"level":20,"msg":"Processed: languages/default.yml","time":"2016-02-17T07:32:14.089Z","v":0}
{"name":"hexo","hostname":"busterace-PC","pid":3472,"level":20,"msg":"Processed: languages/de.yml","time":"2016-02-17T07:32:14.092Z","v":0}
{"name":"hexo","hostname":"busterace-PC","pid":3472,"level":20,"msg":"Theme config loaded.","time":"2016-02-17T07:32:14.097Z","v":0}
{"name":"hexo","hostname":"busterace-PC","pid":3472,"level":20,"msg":"Processed: _config.yml","time":"2016-02-17T07:32:14.097Z","v":0}
{"name":"hexo","hostname":"busterace-PC","pid":3472,"level":20,"msg":"Generator: page","time":"2016-02-17T07:32:15.153Z","v":0}
{"name":"hexo","hostname":"busterace-PC","pid":3472,"level":20,"msg":"Generator: post","time":"2016-02-17T07:32:15.154Z","v":0}
{"name":"hexo","hostname":"busterace-PC","pid":3472,"level":20,"msg":"Generator: archive","time":"2016-02-17T07:32:15.154Z","v":0}
{"name":"hexo","hostname":"busterace-PC","pid":3472,"level":20,"msg":"Generator: category","time":"2016-02-17T07:32:15.154Z","v":0}
{"name":"hexo","hostname":"busterace-PC","pid":3472,"level":20,"msg":"Generator: index","time":"2016-02-17T07:32:15.154Z","v":0}
{"name":"hexo","hostname":"busterace-PC","pid":3472,"level":20,"msg":"Generator: tag","time":"2016-02-17T07:32:15.154Z","v":0}
{"name":"hexo","hostname":"busterace-PC","pid":3472,"level":20,"msg":"Generator: asset","time":"2016-02-17T07:32:15.157Z","v":0}
{"name":"hexo","hostname":"busterace-PC","pid":3472,"level":30,"msg":"Hexo is running at http://0.0.0.0:4000/. Press Ctrl+C to stop.","time":"2016-02-17T07:32:15.175Z","v":0}
{"name":"hexo","hostname":"busterace-PC","pid":3472,"level":20,"msg":"Database saved","time":"2016-02-17T07:32:15.201Z","v":0}
{"name":"hexo","hostname":"busterace-PC","pid":3472,"level":20,"msg":"Rendering index: index.html","time":"2016-02-17T07:32:29.716Z","v":0}
{"name":"hexo","hostname":"busterace-PC","pid":3472,"level":20,"msg":"Updated: themes/next/_config.yml","time":"2016-02-17T07:38:20.254Z","v":0}
{"name":"hexo","hostname":"busterace-PC","pid":3472,"level":20,"msg":"Theme config loaded.","time":"2016-02-17T07:38:20.358Z","v":0}
{"name":"hexo","hostname":"busterace-PC","pid":3472,"level":20,"msg":"Processed: _config.yml","time":"2016-02-17T07:38:20.359Z","v":0}
{"name":"hexo","hostname":"busterace-PC","pid":3472,"level":20,"msg":"Generator: page","time":"2016-02-17T07:38:20.409Z","v":0}
{"name":"hexo","hostname":"busterace-PC","pid":3472,"level":20,"msg":"Generator: post","time":"2016-02-17T07:38:20.410Z","v":0}
{"name":"hexo","hostname":"busterace-PC","pid":3472,"level":20,"msg":"Generator: archive","time":"2016-02-17T07:38:20.410Z","v":0}
{"name":"hexo","hostname":"busterace-PC","pid":3472,"level":20,"msg":"Generator: category","time":"2016-02-17T07:38:20.410Z","v":0}
{"name":"hexo","hostname":"busterace-PC","pid":3472,"level":20,"msg":"Generator: index","time":"2016-02-17T07:38:20.411Z","v":0}
{"name":"hexo","hostname":"busterace-PC","pid":3472,"level":20,"msg":"Generator: tag","time":"2016-02-17T07:38:20.411Z","v":0}
{"name":"hexo","hostname":"busterace-PC","pid":3472,"level":20,"msg":"Generator: asset","time":"2016-02-17T07:38:20.417Z","v":0}
{"name":"hexo","hostname":"busterace-PC","pid":3472,"level":20,"msg":"Rendering index: index.html","time":"2016-02-17T07:40:12.565Z","v":0}
{"name":"hexo","hostname":"busterace-PC","pid":3472,"level":20,"msg":"Rendering index: index.html","time":"2016-02-17T07:41:22.179Z","v":0}
{"name":"hexo","hostname":"busterace-PC","pid":3472,"level":20,"msg":"Rendering index: index.html","time":"2016-02-17T07:41:31.446Z","v":0}
{"name":"hexo","hostname":"busterace-PC","pid":3472,"level":20,"msg":"Rendering index: index.html","time":"2016-02-17T07:43:02.730Z","v":0}
{"name":"hexo","hostname":"busterace-PC","pid":3472,"level":20,"msg":"Rendering index: index.html","time":"2016-02-17T07:43:26.380Z","v":0}
{"name":"hexo","hostname":"busterace-PC","pid":3472,"level":20,"msg":"Rendering archive: archives/index.html","time":"2016-02-17T07:43:29.886Z","v":0}
